JavaProjects/HW_Apps/Module_16/ch12_ex2_TipCalculator/app/build/outputs/logs/manifest-merger-debug-report.txt
-- Merging decision tree log ---
manifest
ADDED from src/main/AndroidManifest.xml:1:1-35:12
INJECTED from src/main/AndroidManifest.xml:1:1-35:12
INJECTED from src/main/AndroidManifest.xml:1:1-35:12
INJECTED from src/main/AndroidManifest.xml:1:1-35:12
INJECTED from src/main/AndroidManifest.xml:1:1-35:12
INJECTED from src/main/AndroidManifest.xml:1:1-35:12
INJECTED from src/main/AndroidManifest.xml:1:1-35:12
	package
		ADDED from src/main/AndroidManifest.xml:2:5-39
		INJECTED from src/main/AndroidManifest.xml
		INJECTED from src/main/AndroidManifest.xml
	android:versionName
		ADDED from src/main/AndroidManifest.xml:4:5-30
		INJECTED from src/main/AndroidManifest.xml
		INJECTED from src/main/AndroidManifest.xml
	xmlns:android
		ADDED from src/main/AndroidManifest.xml:1:11-69
	android:versionCode
		ADDED from src/main/AndroidManifest.xml:3:5-28
		INJECTED from src/main/AndroidManifest.xml
		INJECTED from src/main/AndroidManifest.xml
uses-permission#android.permission.RECEIVE_BOOT_COMPLETED
ADDED from src/main/AndroidManifest.xml:6:5-80
	android:name
		ADDED from src/main/AndroidManifest.xml:6:22-78
uses-permission#android.permission.ACCESS_NETWORK_STATE
ADDED from src/main/AndroidManifest.xml:7:5-78
	android:name
		ADDED from src/main/AndroidManifest.xml:7:22-76
application
ADDED from src/main/AndroidManifest.xml:9:5-33:19
	android:label
		ADDED from src/main/AndroidManifest.xml:11:9-41
	android:icon
		ADDED from src/main/AndroidManifest.xml:10:9-45
	android:theme
		ADDED from src/main/AndroidManifest.xml:12:9-40
activity#com.murach.tipcalculator.TipCalculatorActivity
ADDED from src/main/AndroidManifest.xml:13:9-21:20
	android:label
		ADDED from src/main/AndroidManifest.xml:15:13-66
	android:name
		ADDED from src/main/AndroidManifest.xml:14:13-50
intent-filter#action:name:android.intent.action.MAIN+category:name:android.intent.category.LAUNCHER
ADDED from src/main/AndroidManifest.xml:16:13-20:29
action#android.intent.action.MAIN
ADDED from src/main/AndroidManifest.xml:17:17-69
	android:name
		ADDED from src/main/AndroidManifest.xml:17:25-66
category#android.intent.category.LAUNCHER
ADDED from src/main/AndroidManifest.xml:19:17-77
	android:name
		ADDED from src/main/AndroidManifest.xml:19:27-74
receiver#com.murach.tipcalculator.BootReceiver
ADDED from src/main/AndroidManifest.xml:22:9-27:20
	android:name
		ADDED from src/main/AndroidManifest.xml:22:19-47
intent-filter#action:name:android.intent.action.BOOT_COMPLETED+action:name:android.intent.action.QUICKBOOT_POWERON
ADDED from src/main/AndroidManifest.xml:23:13-26:29
action#android.intent.action.BOOT_COMPLETED
ADDED from src/main/AndroidManifest.xml:24:17-78
	android:name
		ADDED from src/main/AndroidManifest.xml:24:25-76
action#android.intent.action.QUICKBOOT_POWERON
ADDED from src/main/AndroidManifest.xml:25:17-81
	android:name
		ADDED from src/main/AndroidManifest.xml:25:25-79
receiver#com.murach.tipcalculator.ConnectivityReceiver
ADDED from src/main/AndroidManifest.xml:28:9-32:20
	android:name
		ADDED from src/main/AndroidManifest.xml:28:19-55
intent-filter#action:name:android.net.conn.CONNECTIVITY_CHANGE
ADDED from src/main/AndroidManifest.xml:29:13-31:29
action#android.net.conn.CONNECTIVITY_CHANGE
ADDED from src/main/AndroidManifest.xml:30:17-78
	android:name
		ADDED from src/main/AndroidManifest.xml:30:25-76
uses-sdk
INJECTED from src/main/AndroidManifest.xml reason: use-sdk injection requested
INJECTED from src/main/AndroidManifest.xml
INJECTED from src/main/AndroidManifest.xml
INJECTED from src/main/AndroidManifest.xml
INJECTED from src/main/AndroidManifest.xml
	android:targetSdkVersion
		INJECTED from src/main/AndroidManifest.xml
		ADDED from src/main/AndroidManifest.xml
		INJECTED from src/main/AndroidManifest.xml
	android:minSdkVersion
		INJECTED from src/main/AndroidManifest.xml
		ADDED from src/main/AndroidManifest.xml
		INJECTED from src/main/AndroidManifest.xml